<?xml version="1.0" encoding="UTF-8"?>
<!-- Generated by org.testng.reporters.JUnitReportReporter -->
<testsuite hostname="LAPTOP-QGL51LS6" failures="0" tests="1" name="qaclickacademy.RestAssuresTest" time="0.000" errors="0" timestamp="2020-08-15T14:08:32 IST" skipped="0">
  <testcase classname="qaclickacademy.RestAssuresTest" name="API_Automation" time="0.000"/>
  <system-out/>
</testsuite> <!-- qaclickacademy.RestAssuresTest -->
